

Version:	3.12
CmdLine:	E:\dev\projects\eclipse\JavaSDKSample\SDKSample.exe --l4j-debug
WOW64:		yes
Working dir:	E:\dev\projects\eclipse\JavaSDKSample\.
Java min ver:	1.008.000_121
Java max ver:	
64-bit search:	SOFTWARE\JavaSoft\Java Runtime Environment...
Check:		SOFTWARE\JavaSoft\Java Runtime Environment\1.8
Ignore:		1.008.000
Check:		SOFTWARE\JavaSoft\Java Runtime Environment\1.8.0_151
Check launcher:	C:\Program Files\Java\jre1.8.0_151\bin\javaw.exe (OK)
Match:		1.008.000_151
64-bit search:	SOFTWARE\JavaSoft\Java Development Kit...
64-bit search:	SOFTWARE\JavaSoft\JRE...
Check:		SOFTWARE\JavaSoft\JRE\9.0.1
Check launcher:	C:\Program Files\Java\jre-9.0.1\bin\javaw.exe (OK)
Match:		1.009.000_001
64-bit search:	SOFTWARE\JavaSoft\JDK...
Check:		SOFTWARE\JavaSoft\JDK\9.0.1
Ignore:		1.009.000_001
Runtime used:	1.009.000_001 (64-bit)
Main class:	com.hyundaipay.hdac.sample.Main
Info:		Classpath not defined.
Launcher:	C:\Program Files\Java\jre-9.0.1\bin\javaw.exe
Launcher args:	-classpath "E:\dev\projects\eclipse\JavaSDKSample\SDKSample.exe" com.hyundaipay.hdac.sample.Main
Args length:	96/32768 chars
Exit code:	0


Version:	3.12
CmdLine:	E:\dev\projects\eclipse\JavaSDKSample\SDKSample.exe --l4j-debug
WOW64:		yes
Working dir:	E:\dev\projects\eclipse\JavaSDKSample\.
Java min ver:	1.008.000_121
Java max ver:	
64-bit search:	SOFTWARE\JavaSoft\Java Runtime Environment...
Check:		SOFTWARE\JavaSoft\Java Runtime Environment\1.8
Ignore:		1.008.000
Check:		SOFTWARE\JavaSoft\Java Runtime Environment\1.8.0_151
Check launcher:	C:\Program Files\Java\jre1.8.0_151\bin\javaw.exe (OK)
Match:		1.008.000_151
64-bit search:	SOFTWARE\JavaSoft\Java Development Kit...
64-bit search:	SOFTWARE\JavaSoft\JRE...
Check:		SOFTWARE\JavaSoft\JRE\9.0.1
Check launcher:	C:\Program Files\Java\jre-9.0.1\bin\javaw.exe (OK)
Match:		1.009.000_001
64-bit search:	SOFTWARE\JavaSoft\JDK...
Check:		SOFTWARE\JavaSoft\JDK\9.0.1
Ignore:		1.009.000_001
Runtime used:	1.009.000_001 (64-bit)
Main class:	com.hyundaipay.hdac.sample.Main
Info:		Classpath not defined.
Launcher:	C:\Program Files\Java\jre-9.0.1\bin\javaw.exe
Launcher args:	-classpath "E:\dev\projects\eclipse\JavaSDKSample\SDKSample.exe" com.hyundaipay.hdac.sample.Main
Args length:	96/32768 chars
Exit code:	0


Version:	3.12
CmdLine:	E:\dev\projects\eclipse\JavaSDKSample\SDKSample.exe --l4j-debug
WOW64:		yes
Working dir:	E:\dev\projects\eclipse\JavaSDKSample\.
Java min ver:	1.008.000_121
Java max ver:	
64-bit search:	SOFTWARE\JavaSoft\Java Runtime Environment...
Check:		SOFTWARE\JavaSoft\Java Runtime Environment\1.8
Ignore:		1.008.000
Check:		SOFTWARE\JavaSoft\Java Runtime Environment\1.8.0_151
Check launcher:	C:\Program Files\Java\jre1.8.0_151\bin\javaw.exe (OK)
Match:		1.008.000_151
64-bit search:	SOFTWARE\JavaSoft\Java Development Kit...
64-bit search:	SOFTWARE\JavaSoft\JRE...
Check:		SOFTWARE\JavaSoft\JRE\9.0.1
Check launcher:	C:\Program Files\Java\jre-9.0.1\bin\javaw.exe (OK)
Match:		1.009.000_001
64-bit search:	SOFTWARE\JavaSoft\JDK...
Check:		SOFTWARE\JavaSoft\JDK\9.0.1
Ignore:		1.009.000_001
Runtime used:	1.009.000_001 (64-bit)
Main class:	com.hyundaipay.hdac.sample.Main
Info:		Classpath not defined.
Launcher:	C:\Program Files\Java\jre-9.0.1\bin\javaw.exe
Launcher args:	-classpath "E:\dev\projects\eclipse\JavaSDKSample\SDKSample.exe" com.hyundaipay.hdac.sample.Main
Args length:	96/32768 chars
Exit code:	0
